<?xml version="1.0" encoding="UTF-8"?>
<!-- Generated by org.testng.reporters.JUnitXMLReporter -->
<testsuite ignored="10" hostname="Nihar" failures="0" tests="1" name="Default test" time="8.224" errors="0" timestamp="2023-05-14T12:51:15 IST">
  <testcase classname="portfolio.test.ContactFunctionalityTest" name="validateWith_InvalidEmail" time="3.348"/>
  <testcase classname="portfolio.test.ContactFunctionalityTest" name="validateWith_MsgEmpty" time="0.0">
    <ignored/>
  </testcase> <!-- validateWith_MsgEmpty -->
  <testcase classname="portfolio.test.ContactFunctionalityTest" name="validateWith_LengthyFullName" time="0.0">
    <ignored/>
  </testcase> <!-- validateWith_LengthyFullName -->
  <testcase classname="portfolio.test.ContactFunctionalityTest" name="validateWith_EmptyField" time="0.0">
    <ignored/>
  </testcase> <!-- validateWith_EmptyField -->
  <testcase classname="portfolio.test.ContactFunctionalityTest" name="validateWith_EmailWithoutSymbol" time="0.0">
    <ignored/>
  </testcase> <!-- validateWith_EmailWithoutSymbol -->
  <testcase classname="portfolio.test.ContactFunctionalityTest" name="validateWith_PhoneNoEmpty" time="0.0">
    <ignored/>
  </testcase> <!-- validateWith_PhoneNoEmpty -->
  <testcase classname="portfolio.test.ContactFunctionalityTest" name="validateWith_EmailEmpty" time="0.0">
    <ignored/>
  </testcase> <!-- validateWith_EmailEmpty -->
  <testcase classname="portfolio.test.ContactFunctionalityTest" name="validateWith_CharPhonNo" time="0.0">
    <ignored/>
  </testcase> <!-- validateWith_CharPhonNo -->
  <testcase classname="portfolio.test.ContactFunctionalityTest" name="validateWith_ValidData" time="0.0">
    <ignored/>
  </testcase> <!-- validateWith_ValidData -->
  <testcase classname="portfolio.test.ContactFunctionalityTest" name="validateWith_FullnameEmpty" time="0.0">
    <ignored/>
  </testcase> <!-- validateWith_FullnameEmpty -->
  <testcase classname="portfolio.test.ContactFunctionalityTest" name="validateWith_LengthyPhoneNo" time="0.0">
    <ignored/>
  </testcase> <!-- validateWith_LengthyPhoneNo -->
</testsuite> <!-- Default test -->
